<?xml version="1.0" encoding="UTF-8"?>
<!-- Generated by org.testng.reporters.JUnitReportReporter -->
<testsuite hostname="USBLRRAGHVR1" failures="0" tests="1" name="com.practiceselenium.GoogleDynamicSearchAutomation" time="11.566" errors="0" timestamp="2023-02-08T18:18:01 IST" skipped="0">
  <testcase classname="com.practiceselenium.GoogleDynamicSearchAutomation" name="googleDynamicSearchTest" time="11.566"/>
  <system-out/>
</testsuite> <!-- com.practiceselenium.GoogleDynamicSearchAutomation -->
