<?xml version="1.0" encoding="UTF-8"?>
<!-- Generated by org.testng.reporters.JUnitReportReporter -->
<testsuite hostname="USBLRRAGHVR1" failures="0" tests="1" name="com.practiceselenium.ShoppingWebsite" time="23.411" errors="0" timestamp="2023-04-04T17:31:51 IST" skipped="0">
  <testcase classname="com.practiceselenium.ShoppingWebsite" name="saveWebPageAsPDF" time="23.411"/>
  <system-out/>
</testsuite> <!-- com.practiceselenium.ShoppingWebsite -->
