<?xml version="1.0" encoding="UTF-8"?>
<!-- Generated by org.testng.reporters.JUnitReportReporter -->
<testsuite hostname="USBLRRAGHVR1" failures="0" tests="1" name="com.JavaStreams.PracticeJavaStreams" time="0.014" errors="0" timestamp="2023-02-15T12:13:00 IST" skipped="0">
  <testcase classname="com.JavaStreams.PracticeJavaStreams" name="streamCollect" time="0.014"/>
  <system-out/>
</testsuite> <!-- com.JavaStreams.PracticeJavaStreams -->
