<?xml version="1.0" encoding="UTF-8"?>
<!-- Generated by org.testng.reporters.JUnitReportReporter -->
<testsuite hostname="USBLRRAGHVR1" failures="0" tests="1" name="com.practiceselenium.OpenLinksInNewTab" time="12.942" errors="0" timestamp="2023-02-12T16:28:42 IST" skipped="0">
  <testcase classname="com.practiceselenium.OpenLinksInNewTab" name="openAllFooterlinksAndPrintTitle" time="12.942"/>
  <system-out/>
</testsuite> <!-- com.practiceselenium.OpenLinksInNewTab -->
