<?xml version="1.0" encoding="UTF-8"?>
<!-- Generated by org.testng.reporters.JUnitReportReporter -->
<testsuite hostname="USBLRRAGHVR1" failures="0" tests="1" name="com.practiceselenium.ActionsDemo" time="16.441" errors="0" timestamp="2023-02-13T11:50:45 IST" skipped="0">
  <testcase classname="com.practiceselenium.ActionsDemo" name="dragAndDropTest" time="16.441"/>
  <system-out/>
</testsuite> <!-- com.practiceselenium.ActionsDemo -->
