<?xml version="1.0" encoding="UTF-8"?>
<!-- Generated by org.testng.reporters.JUnitReportReporter -->
<testsuite hostname="USBLRRAGHVR1" failures="0" tests="1" name="com.base.Base" time="0.012" errors="0" timestamp="2021-10-26T12:37:40 IST" skipped="0">
  <testcase classname="com.base.Base" name="reverse" time="0.012"/>
  <system-out/>
</testsuite> <!-- com.base.Base -->
