<?xml version="1.0" encoding="UTF-8"?>
<!-- Generated by org.testng.reporters.JUnitReportReporter -->
<testsuite hostname="USBLRRAGHVR1" failures="0" tests="1" name="com.practiceselenium.SampleTest" time="8.298" errors="0" timestamp="2023-02-11T20:24:34 IST" skipped="0">
  <testcase classname="com.practiceselenium.SampleTest" name="testMultipleUrl" time="8.298"/>
  <system-out/>
</testsuite> <!-- com.practiceselenium.SampleTest -->
